<?xml version="1.0" encoding="UTF-8"?>
<TestRun id="6da4e24d-f0df-4613-a673-e4269a3fc7e7" name="sergio@ESCRITORIO 2012-08-22 17:37:39" runUser="Escritorio\sergio" xmlns="http://microsoft.com/schemas/VisualStudio/TeamTest/2010">
  <TestSettings name="Local" id="2bfb6601-999b-4a52-90a5-47a3af1a467c">
    <Description>These are default test settings for a local test run.</Description>
    <Deployment userDeploymentRoot="D:\GitHub\DiarioEscolar\TestResults" useDefaultDeploymentRoot="false" enabled="false" runDeploymentRoot="sergio_ESCRITORIO 2012-08-22 17_37_39">
      <DeploymentItem filename="D:\GitHub\DiarioEscolar\packages\WatiN.2.1.0\lib\net40\Interop.SHDocVw.dll" />
      <DeploymentItem filename="D:\GitHub\DiarioEscolar\packages\EntityFramework.5.0.0-rc\lib\net45\EntityFramework.dll" />
      <DeploymentItem filename="D:\GitHub\DiarioEscolar\packages\SpecFlow.1.9.0\lib\net35\TechTalk.SpecFlow.dll" />
      <DeploymentItem filename="D:\GitHub\DiarioEscolar\packages\WatiN.2.1.0\lib\net40\WatiN.Core.dll" />
      <DeploymentItem filename="D:\GitHub\DiarioEscolar\DiarioEscolar\bin\DiarioEscolar.dll" />
      <DeploymentItem filename="C:\Program Files (x86)\NUnit 2.6.1\bin\framework\nunit.framework.dll" />
      <DeploymentItem filename="C:\Program Files (x86)\NUnit 2.6.1\bin\framework\nunit.mocks.dll" />
    </Deployment>
    <Execution>
      <TestTypeSpecific />
      <AgentRule name="Execution Agents">
      </AgentRule>
    </Execution>
  </TestSettings>
  <Times creation="2012-08-22T17:37:39.6788000-03:00" queuing="2012-08-22T17:37:39.7412000-03:00" start="2012-08-22T17:37:39.7412000-03:00" finish="2012-08-22T17:37:40.2966000-03:00" />
  <ResultSummary outcome="Failed">
    <Counters total="1" executed="1" error="0" failed="1" timeout="0" aborted="0" inconclusive="0" passedButRunAborted="0" notRunnable="0" notExecuted="0" disconnected="0" warning="0" passed="0" completed="0" inProgress="0" pending="0" />
  </ResultSummary>
  <TestDefinitions>
    <UnitTest name="CadastrarUmaNovaSerie" storage="d:\github\diarioescolar\diarioescolar.acceptancetests\bin\debug\diarioescolar.acceptancetests.dll" id="8f764d18-4bc0-449a-1460-0e69e095ca70">
      <Description>Cadastrar uma nova Série</Description>
      <TestCategory>
        <TestCategoryItem TestCategory="mytag" />
      </TestCategory>
      <Execution id="a58dfeed-2f84-42bc-a7d9-8e5191dd9641" />
      <Properties>
        <Property>
          <Key>FeatureTitle</Key>
          <Value>Cadastra de Séries</Value>
        </Property>
      </Properties>
      <TestMethod codeBase="D:/GitHub/DiarioEscolar/DiarioEscolar.AcceptanceTests/bin/Debug/DiarioEscolar.AcceptanceTests.DLL" adapterTypeName="Microsoft.VisualStudio.TestTools.TestTypes.Unit.UnitTestAdapter, Microsoft.VisualStudio.QualityTools.Tips.UnitTest.Adapter, Version=10.0.0.0, Culture=neutral, PublicKeyToken=b03f5f7f11d50a3a" className="DiarioEscolar.AcceptanceTests.Features.CadastraDeSeriesFeature, DiarioEscolar.AcceptanceTests, Version=1.0.0.0, Culture=neutral, PublicKeyToken=null" name="CadastrarUmaNovaSerie" />
    </UnitTest>
  </TestDefinitions>
  <TestLists>
    <TestList name="Results Not in a List" id="8c84fa94-04c1-424b-9868-57a2d4851a1d" />
    <TestList name="All Loaded Results" id="19431567-8539-422a-85d7-44ee4e166bda" />
  </TestLists>
  <TestEntries>
    <TestEntry testId="8f764d18-4bc0-449a-1460-0e69e095ca70" executionId="a58dfeed-2f84-42bc-a7d9-8e5191dd9641" testListId="8c84fa94-04c1-424b-9868-57a2d4851a1d" />
  </TestEntries>
  <Results>
    <UnitTestResult executionId="a58dfeed-2f84-42bc-a7d9-8e5191dd9641" testId="8f764d18-4bc0-449a-1460-0e69e095ca70" testName="CadastrarUmaNovaSerie" computerName="ESCRITORIO" duration="00:00:00.0849424" startTime="2012-08-22T17:37:39.7568000-03:00" endTime="2012-08-22T17:37:40.2404000-03:00" testType="13cdc9d9-ddb5-4fa4-a97d-d965ccfc6d4b" outcome="Failed" testListId="8c84fa94-04c1-424b-9868-57a2d4851a1d" relativeResultsDirectory="a58dfeed-2f84-42bc-a7d9-8e5191dd9641">
      <Output>
        <ErrorInfo>
          <Message>Test method DiarioEscolar.AcceptanceTests.Features.CadastraDeSeriesFeature.CadastrarUmaNovaSerie threw exception: 
System.IO.FileLoadException: Could not load file or assembly 'EntityFramework, Version=4.4.0.0, Culture=neutral, PublicKeyToken=b77a5c561934e089' or one of its dependencies. The located assembly's manifest definition does not match the assembly reference. (Exception from HRESULT: 0x80131040)</Message>
          <StackTrace>    at DiarioEscolar.AcceptanceTests.StepHelpers.DatabaseTools.CleanDatabase()
   at lambda_method(Closure , IContextManager )
   at TechTalk.SpecFlow.Bindings.BindingInvoker.InvokeBinding(IBinding binding, IContextManager contextManager, Object[] arguments, ITestTracer testTracer, TimeSpan&amp; duration)
   at TechTalk.SpecFlow.Infrastructure.TestExecutionEngine.FireEvents(HookType bindingEvent)
   at TechTalk.SpecFlow.Infrastructure.TestExecutionEngine.OnScenarioStart(ScenarioInfo scenarioInfo)
   at TechTalk.SpecFlow.TestRunner.OnScenarioStart(ScenarioInfo scenarioInfo)
   at DiarioEscolar.AcceptanceTests.Features.CadastraDeSeriesFeature.ScenarioSetup(ScenarioInfo scenarioInfo) in D:\GitHub\DiarioEscolar\DiarioEscolar.AcceptanceTests\Features\CadastrarSerie.feature.cs:line 0
   at DiarioEscolar.AcceptanceTests.Features.CadastraDeSeriesFeature.CadastrarUmaNovaSerie() in d:\GitHub\DiarioEscolar\DiarioEscolar.AcceptanceTests\Features\CadastrarSerie.feature:line 6
</StackTrace>
        </ErrorInfo>
      </Output>
    </UnitTestResult>
  </Results>
</TestRun>