<?xml version="1.0" encoding="UTF-8"?>
<TestRun id="9a56aa71-990d-49b2-a864-66c0d92781af" name="sergio@ESCRITORIO 2012-08-22 17:39:10" runUser="Escritorio\sergio" xmlns="http://microsoft.com/schemas/VisualStudio/TeamTest/2010">
  <TestSettings name="Local" id="2bfb6601-999b-4a52-90a5-47a3af1a467c">
    <Description>These are default test settings for a local test run.</Description>
    <Deployment userDeploymentRoot="D:\GitHub\DiarioEscolar\TestResults" useDefaultDeploymentRoot="false" enabled="false" runDeploymentRoot="sergio_ESCRITORIO 2012-08-22 17_39_10">
      <DeploymentItem filename="D:\GitHub\DiarioEscolar\packages\EntityFramework.5.0.0-rc\lib\net45\EntityFramework.dll" />
      <DeploymentItem filename="C:\Program Files (x86)\NUnit 2.6.1\bin\framework\nunit.mocks.dll" />
      <DeploymentItem filename="C:\Program Files (x86)\NUnit 2.6.1\bin\framework\nunit.framework.dll" />
      <DeploymentItem filename="D:\GitHub\DiarioEscolar\packages\WatiN.2.1.0\lib\net40\WatiN.Core.dll" />
      <DeploymentItem filename="D:\GitHub\DiarioEscolar\packages\WatiN.2.1.0\lib\net40\Interop.SHDocVw.dll" />
      <DeploymentItem filename="D:\GitHub\DiarioEscolar\DiarioEscolar\bin\DiarioEscolar.dll" />
      <DeploymentItem filename="D:\GitHub\DiarioEscolar\packages\SpecFlow.1.9.0\lib\net35\TechTalk.SpecFlow.dll" />
      <DeploymentItem filename="D:\GitHub\DiarioEscolar\packages\EntityFramework.5.0.0-rc\lib\net40\EntityFramework.dll" />
    </Deployment>
    <Execution>
      <TestTypeSpecific />
      <AgentRule name="Execution Agents">
      </AgentRule>
    </Execution>
  </TestSettings>
  <Times creation="2012-08-22T17:39:10.7728000-03:00" queuing="2012-08-22T17:39:10.8352000-03:00" start="2012-08-22T17:39:10.8664000-03:00" finish="2012-08-22T17:39:15.5152000-03:00" />
  <ResultSummary outcome="Failed">
    <Counters total="1" executed="1" error="0" failed="1" timeout="0" aborted="0" inconclusive="0" passedButRunAborted="0" notRunnable="0" notExecuted="0" disconnected="0" warning="0" passed="0" completed="0" inProgress="0" pending="0" />
  </ResultSummary>
  <TestDefinitions>
    <UnitTest name="CadastrarUmaNovaSerie" storage="d:\github\diarioescolar\diarioescolar.acceptancetests\bin\debug\diarioescolar.acceptancetests.dll" id="8f764d18-4bc0-449a-1460-0e69e095ca70">
      <Description>Cadastrar uma nova Série</Description>
      <TestCategory>
        <TestCategoryItem TestCategory="mytag" />
      </TestCategory>
      <Execution id="71b99104-ae45-4bdd-94eb-9bd20b7a19a0" />
      <Properties>
        <Property>
          <Key>FeatureTitle</Key>
          <Value>Cadastra de Séries</Value>
        </Property>
      </Properties>
      <TestMethod codeBase="D:/GitHub/DiarioEscolar/DiarioEscolar.AcceptanceTests/bin/Debug/DiarioEscolar.AcceptanceTests.DLL" adapterTypeName="Microsoft.VisualStudio.TestTools.TestTypes.Unit.UnitTestAdapter, Microsoft.VisualStudio.QualityTools.Tips.UnitTest.Adapter, Version=10.0.0.0, Culture=neutral, PublicKeyToken=b03f5f7f11d50a3a" className="DiarioEscolar.AcceptanceTests.Features.CadastraDeSeriesFeature, DiarioEscolar.AcceptanceTests, Version=1.0.0.0, Culture=neutral, PublicKeyToken=null" name="CadastrarUmaNovaSerie" />
    </UnitTest>
  </TestDefinitions>
  <TestLists>
    <TestList name="Results Not in a List" id="8c84fa94-04c1-424b-9868-57a2d4851a1d" />
    <TestList name="All Loaded Results" id="19431567-8539-422a-85d7-44ee4e166bda" />
  </TestLists>
  <TestEntries>
    <TestEntry testId="8f764d18-4bc0-449a-1460-0e69e095ca70" executionId="71b99104-ae45-4bdd-94eb-9bd20b7a19a0" testListId="8c84fa94-04c1-424b-9868-57a2d4851a1d" />
  </TestEntries>
  <Results>
    <UnitTestResult executionId="71b99104-ae45-4bdd-94eb-9bd20b7a19a0" testId="8f764d18-4bc0-449a-1460-0e69e095ca70" testName="CadastrarUmaNovaSerie" computerName="ESCRITORIO" duration="00:00:02.5252025" startTime="2012-08-22T17:39:10.8976000-03:00" endTime="2012-08-22T17:39:13.7992000-03:00" testType="13cdc9d9-ddb5-4fa4-a97d-d965ccfc6d4b" outcome="Failed" testListId="8c84fa94-04c1-424b-9868-57a2d4851a1d" relativeResultsDirectory="71b99104-ae45-4bdd-94eb-9bd20b7a19a0">
      <Output>
        <ErrorInfo>
          <Message>Test method DiarioEscolar.AcceptanceTests.Features.CadastraDeSeriesFeature.CadastrarUmaNovaSerie threw exception: 
System.InvalidOperationException: The model backing the 'DiarioEscolarEntities' context has changed since the database was created. Consider using Code First Migrations to update the database (http://go.microsoft.com/fwlink/?LinkId=238269).</Message>
          <StackTrace>    at System.Data.Entity.CreateDatabaseIfNotExists`1.InitializeDatabase(TContext context)
   at System.Data.Entity.Internal.InternalContext.&lt;&gt;c__DisplayClass8.&lt;PerformDatabaseInitialization&gt;b__6()
   at System.Data.Entity.Internal.InternalContext.PerformInitializationAction(Action action)
   at System.Data.Entity.Internal.InternalContext.PerformDatabaseInitialization()
   at System.Data.Entity.Internal.LazyInternalContext.&lt;InitializeDatabase&gt;b__4(InternalContext c)
   at System.Data.Entity.Internal.RetryAction`1.PerformAction(TInput input)
   at System.Data.Entity.Internal.LazyInternalContext.InitializeDatabaseAction(Action`1 action)
   at System.Data.Entity.Internal.LazyInternalContext.InitializeDatabase()
   at System.Data.Entity.Internal.InternalContext.GetEntitySetAndBaseTypeForType(Type entityType)
   at System.Data.Entity.Internal.Linq.InternalSet`1.Initialize()
   at System.Data.Entity.Internal.Linq.InternalSet`1.get_InternalContext()
   at System.Data.Entity.Infrastructure.DbQuery`1.System.Linq.IQueryable.get_Provider()
   at System.Linq.Queryable.Select[TSource,TResult](IQueryable`1 source, Expression`1 selector)
   at DiarioEscolar.AcceptanceTests.StepHelpers.DatabaseTools.CleanDatabase() in D:\GitHub\DiarioEscolar\DiarioEscolar.AcceptanceTests\StepHelpers\DataBaseTools.cs:line 20
   at lambda_method(Closure , IContextManager )
   at TechTalk.SpecFlow.Bindings.BindingInvoker.InvokeBinding(IBinding binding, IContextManager contextManager, Object[] arguments, ITestTracer testTracer, TimeSpan&amp; duration)
   at TechTalk.SpecFlow.Infrastructure.TestExecutionEngine.FireEvents(HookType bindingEvent)
   at TechTalk.SpecFlow.Infrastructure.TestExecutionEngine.OnScenarioStart(ScenarioInfo scenarioInfo)
   at TechTalk.SpecFlow.TestRunner.OnScenarioStart(ScenarioInfo scenarioInfo)
   at DiarioEscolar.AcceptanceTests.Features.CadastraDeSeriesFeature.ScenarioSetup(ScenarioInfo scenarioInfo) in D:\GitHub\DiarioEscolar\DiarioEscolar.AcceptanceTests\Features\CadastrarSerie.feature.cs:line 0
   at DiarioEscolar.AcceptanceTests.Features.CadastraDeSeriesFeature.CadastrarUmaNovaSerie() in d:\GitHub\DiarioEscolar\DiarioEscolar.AcceptanceTests\Features\CadastrarSerie.feature:line 6
</StackTrace>
        </ErrorInfo>
      </Output>
    </UnitTestResult>
  </Results>
</TestRun>